[1m<<<[0m /run/current-system
[1m>>>[0m /nix/store/z1dp2rpw3ghpa4a501rxdsrjwm5d3ynz-nixos-system-Arnix-25.11pre-git

[1mCHANGED[0m
[[1;96mU[0m[1m*[0m] [1mbind                              [0m [33m9[0m.[33m2[0m[33m0[0m.[33m1[0m[31m5[0m-[33mhost[0m, [33m9[0m.[33m2[0m[33m0[0m.[33m1[0m[31m5[0m-[33mlib[0m, [33m9[0m.[33m2[0m[33m0[0m.[33m1[0m[31m5[0m-[33mman[0m -> [33m9[0m.[33m2[0m[33m0[0m.[33m1[0m[32m8[0m-[33mhost[0m, [33m9[0m.[33m2[0m[33m0[0m.[33m1[0m[32m8[0m-[33mlib[0m, [33m9[0m.[33m2[0m[33m0[0m.[33m1[0m[32m8[0m-[33mman[0m
[[1;96mU[0m[1m*[0m] [1mcpupower                          [0m [33m6[0m.[33m1[0m[33m8[0m.[31m6[0m -> [33m6[0m.[33m1[0m[33m8[0m.[32m7[0m
[[1;33mC[0m[1m*[0m] [1mcurl                              [0m [33m8[0m.[33m1[0m[33m7[0m.[33m0[0m ×[31m4[0m, [33m8[0m.[33m1[0m[33m7[0m.[33m0[0m-[33mb[0m[33mi[0m[33mn[0m ×[31m3[0m, [33m8[0m.[33m1[0m[31m7[0m.[33m0[0m-[33mman[0m -> [33m8[0m.[33m1[0m[33m7[0m.[33m0[0m ×[32m2[0m, [33m8[0m.[33m1[0m[33m7[0m.[33m0[0m-[33mb[0m[33mi[0m[33mn[0m, [33m8[0m.[33m1[0m[32m8[0m.[33m0[0m-[33mman[0m, [32m8[0m.[32m18[0m.[32m0[0m-[32mbin[0m ×[32m2[0m, [32m8[0m.[32m18[0m.[32m0[0m ×[32m2[0m
[[1;33mC[0m[1m*[0m] [1mdhcpcd                            [0m [33m1[0m[33m0[0m.[33m2[0m.[33m4[0m ×[31m4[0m -> [33m1[0m[33m0[0m.[33m2[0m.[33m4[0m ×[32m2[0m, [32m10[0m.[32m3[0m.[32m0[0m ×[32m2[0m
[[1;96mU[0m.] electron                           [31m3[0m[31m8[0m.[31m7[0m.[31m2[0m -> [32m4[0m[32m0[0m.[32m1[0m.[32m0[0m
[[1;96mU[0m.] electron-unwrapped                 [31m3[0m[31m8[0m.[31m7[0m.[31m2[0m -> [32m4[0m[32m0[0m.[32m1[0m.[32m0[0m
[[1;96mU[0m[1m*[0m] [1mgetent-glibc                      [0m [33m2[0m.[33m4[0m[33m0[0m-[31m6[0m[31m6[0m ×[33m2[0m -> [33m2[0m.[33m4[0m[33m0[0m-[32m2[0m[32m1[0m[32m8[0m ×[33m2[0m
[[1;96mU[0m[1m*[0m] [1mglibc                             [0m [33m2[0m.[33m4[0m[33m0[0m-[31m6[0m[31m6[0m ×[33m2[0m, [33m2[0m.[33m4[0m[33m0[0m-[31m6[0m[31m6[0m-[33mbin[0m ×[33m2[0m, [33m2[0m.[33m4[0m[33m0[0m-[31m6[0m[31m6[0m-[33mdev[0m, [33m2[0m.[33m4[0m[33m0[0m-[31m6[0m[31m6[0m-[33mgetent[0m ×[33m2[0m -> [33m2[0m.[33m4[0m[33m0[0m-[32m2[0m[32m1[0m[32m8[0m ×[33m2[0m, [33m2[0m.[33m4[0m[33m0[0m-[32m2[0m[32m1[0m[32m8[0m-[33mbin[0m ×[33m2[0m, [33m2[0m.[33m4[0m[33m0[0m-[32m2[0m[32m1[0m[32m8[0m-[33mdev[0m, [33m2[0m.[33m4[0m[33m0[0m-[32m2[0m[32m1[0m[32m8[0m-[33mgetent[0m ×[33m2[0m
[[1;96mU[0m[1m*[0m] [1mglibc-locales                     [0m [33m2[0m.[33m4[0m[33m0[0m-[31m6[0m[31m6[0m ×[33m2[0m -> [33m2[0m.[33m4[0m[33m0[0m-[32m2[0m[32m1[0m[32m8[0m ×[33m2[0m
[[1;96mU[0m.] glibc-multi                        [33m2[0m.[33m4[0m[33m0[0m-[31m6[0m[31m6[0m, [33m2[0m.[33m4[0m[33m0[0m-[31m6[0m[31m6[0m-[33mbin[0m -> [33m2[0m.[33m4[0m[33m0[0m-[32m2[0m[32m1[0m[32m8[0m, [33m2[0m.[33m4[0m[33m0[0m-[32m2[0m[32m1[0m[32m8[0m-[33mbin[0m
[[1;96mU[0m.] go                                 [33m1[0m.[33m2[0m[33m5[0m.[31m5[0m -> [33m1[0m.[33m2[0m[33m5[0m.[32m6[0m
[[1;96mU[0m.] imagemagick                        [33m7[0m.[33m1[0m.[33m2[0m-[33m1[0m[31m0[0m -> [33m7[0m.[33m1[0m.[33m2[0m-[33m1[0m[32m3[0m
[[1;96mU[0m.] inetutils                          [33m2[0m.[31m6[0m -> [33m2[0m.[32m7[0m
[[1;96mU[0m.] initrd-linux-zen                   [33m6[0m.[33m1[0m[33m8[0m.[31m6[0m -> [33m6[0m.[33m1[0m[33m8[0m.[32m7[0m
[[1;96mU[0m.] jdt-language-server                [33m1[0m.[33m5[0m[31m4[0m.[33m0[0m -> [33m1[0m.[33m5[0m[32m6[0m.[33m0[0m
[[1;33mC[0m.] libcamera                          [33m0[0m.[33m6[0m.[33m0[0m, [31m0[0m.[31m5[0m.[31m2[0m ×[31m2[0m -> [33m0[0m.[33m6[0m.[33m0[0m ×[32m3[0m
[[1;96mU[0m.] libcdio                            [33m2[0m.[31m2[0m.[33m0[0m, [33m2[0m.[31m2[0m.[33m0[0m-[33mdev[0m, [33m2[0m.[31m2[0m.[33m0[0m-[33mlib[0m ×[33m2[0m, [33m2[0m.[31m2[0m.[33m0[0m-[33mman[0m -> [33m2[0m.[32m3[0m.[33m0[0m, [33m2[0m.[32m3[0m.[33m0[0m-[33mdev[0m, [33m2[0m.[32m3[0m.[33m0[0m-[33mlib[0m ×[33m2[0m, [33m2[0m.[32m3[0m.[33m0[0m-[33mman[0m
[[1;33mC[0m.] libmpg123                          [33m1[0m.[33m3[0m[33m3[0m.[33m4[0m, [31m1[0m.[31m33[0m.[31m3[0m ×[31m2[0m -> [33m1[0m.[33m3[0m[33m3[0m.[33m4[0m ×[32m3[0m
[[1;96mU[0m.] libnbd                             [33m1[0m.[33m2[0m[33m2[0m.[31m1[0m -> [33m1[0m.[33m2[0m[33m2[0m.[32m5[0m
[[1;33mC[0m.] libpcap                            [33m1[0m.[33m1[0m[33m0[0m.[31m5[0m, [33m1[0m.[33m1[0m[33m0[0m.[33m6[0m-[33ml[0m[33mi[0m[33mb[0m ×[31m2[0m, [31m1[0m.[31m10[0m.[31m5[0m-[31mlib[0m ×[31m2[0m -> [33m1[0m.[33m1[0m[33m0[0m.[32m6[0m, [33m1[0m.[33m1[0m[33m0[0m.[33m6[0m-[33ml[0m[33mi[0m[33mb[0m ×[32m4[0m
[[1;33mC[0m.] libpng                             [33m1[0m.[33m6[0m.[33m5[0m[31m2[0m, [31m1[0m.[31m6[0m.[31m53[0m -> [33m1[0m.[33m6[0m.[33m5[0m[32m4[0m
[[1;96mU[0m.] libpng-apng                        [33m1[0m.[33m6[0m.[33m5[0m[31m2[0m ×[33m2[0m, [33m1[0m.[33m6[0m.[33m5[0m[31m2[0m-[33mdev[0m, [33m1[0m.[33m6[0m.[33m5[0m[31m2[0m-[33mman[0m -> [33m1[0m.[33m6[0m.[33m5[0m[32m4[0m ×[33m2[0m, [33m1[0m.[33m6[0m.[33m5[0m[32m4[0m-[33mdev[0m, [33m1[0m.[33m6[0m.[33m5[0m[32m4[0m-[33mman[0m
[[1;33mC[0m.] libsodium                          [33m1[0m.[33m0[0m.[33m2[0m[33m0[0m-[33mu[0m[33mn[0m[33ms[0m[33mt[0m[33ma[0m[33mb[0m[33ml[0m[33me[0m-[33m2[0m[33m0[0m[33m2[0m[33m5[0m-[33m1[0m[33m2[0m-[33m3[0m[33m1[0m, [31m1[0m.[31m0[0m.[31m20[0m ×[31m2[0m -> [33m1[0m.[33m0[0m.[33m2[0m[33m0[0m-[33mu[0m[33mn[0m[33ms[0m[33mt[0m[33ma[0m[33mb[0m[33ml[0m[33me[0m-[33m2[0m[33m0[0m[33m2[0m[33m5[0m-[33m1[0m[33m2[0m-[33m3[0m[33m1[0m ×[32m3[0m
[[1;33mC[0m.] libtasn1                           [33m4[0m.[33m2[0m[33m1[0m.[33m0[0m ×[31m2[0m, [31m4[0m.[31m20[0m.[31m0[0m ×[31m2[0m -> [33m4[0m.[33m2[0m[33m1[0m.[33m0[0m ×[32m4[0m
[[1;96mU[0m.] linux-zen                          [33m6[0m.[33m1[0m[33m8[0m.[31m6[0m, [33m6[0m.[33m1[0m[33m8[0m.[31m6[0m-[33mmodules[0m ×[33m2[0m, [33m6[0m.[33m1[0m[33m8[0m.[31m6[0m-[33mmodules[0m-[33mshrunk[0m -> [33m6[0m.[33m1[0m[33m8[0m.[32m7[0m, [33m6[0m.[33m1[0m[33m8[0m.[32m7[0m-[33mmodules[0m ×[33m2[0m, [33m6[0m.[33m1[0m[33m8[0m.[32m7[0m-[33mmodules[0m-[33mshrunk[0m
[[1;33mC[0m.] mpg123                             [33m1[0m.[33m3[0m[33m3[0m.[33m4[0m, [33m1[0m.[33m3[0m[33m3[0m.[31m3[0m-[33mman[0m, [31m1[0m.[31m33[0m.[31m3[0m ×[31m2[0m -> [33m1[0m.[33m3[0m[33m3[0m.[33m4[0m ×[32m3[0m, [33m1[0m.[33m3[0m[33m3[0m.[32m4[0m-[33mman[0m
[[1;96mU[0m.] neovim                             [33m0[0m.[33m1[0m[33m1[0m.[31m5[0m -> [33m0[0m.[33m1[0m[33m1[0m.[32m6[0m
[[1;96mU[0m.] neovim-unwrapped                   [33m0[0m.[33m1[0m[33m1[0m.[31m5[0m -> [33m0[0m.[33m1[0m[33m1[0m.[32m6[0m
[[1;96mU[0m.] net-snmp                           [33m5[0m.[33m9[0m.[31m4[0m ×[33m2[0m, [33m5[0m.[33m9[0m.[31m4[0m-[33mlib[0m ×[33m2[0m -> [33m5[0m.[33m9[0m.[32m5[0m.[32m2[0m ×[33m2[0m, [33m5[0m.[33m9[0m.[32m5[0m.[32m2[0m-[33mlib[0m ×[33m2[0m
[[1;96mU[0m[1m*[0m] [1mniri-unstable                     [0m [33m2[0m[33m0[0m[33m2[0m[33m6[0m-[33m0[0m[31m1[0m-[31m2[0m[31m7[0m-[31me[0m[31m1[0m[31m0[0m[31m1[0m[31m5[0m[31ma[0m[31mc[0m, [33m2[0m[33m0[0m[33m2[0m[33m6[0m-[33m0[0m[31m1[0m-[31m2[0m[31m7[0m-[31me[0m[31m1[0m[31m0[0m[31m1[0m[31m5[0m[31ma[0m[31mc[0m-[33mdoc[0m -> [33m2[0m[33m0[0m[33m2[0m[33m6[0m-[33m0[0m[32m2[0m-[32m0[0m[32m6[0m-[32ma[0m[32mb[0m[32m4[0m[32m7[0m[32mf[0m[32m5[0m[32mc[0m, [33m2[0m[33m0[0m[33m2[0m[33m6[0m-[33m0[0m[32m2[0m-[32m0[0m[32m6[0m-[32ma[0m[32mb[0m[32m4[0m[32m7[0m[32mf[0m[32m5[0m[32mc[0m-[33mdoc[0m
[[1;96mU[0m.] nixd                               [33m2[0m.[31m8[0m.[31m2[0m -> [33m2[0m.[32m9[0m.[32m0[0m
[[1;96mU[0m.] nixf                               [33m2[0m.[31m8[0m.[31m2[0m -> [33m2[0m.[32m9[0m.[32m0[0m
[[1;96mU[0m.] nixt                               [33m2[0m.[31m8[0m.[31m2[0m -> [33m2[0m.[32m9[0m.[32m0[0m
[[1;96mU[0m.] nodejs                             [33m2[0m[33m2[0m.[33m2[0m[31m1[0m.[31m1[0m -> [33m2[0m[33m2[0m.[33m2[0m[32m2[0m.[32m0[0m
[[1;33mC[0m.] openjdk                            [33m2[0m[33m1[0m.[33m0[0m.[33m9[0m+[33m1[0m[33m0[0m ×[31m2[0m, [33m2[0m[33m5[0m.[33m0[0m.[31m1[0m+[31m8[0m -> [33m2[0m[33m1[0m.[33m0[0m.[33m9[0m+[33m1[0m[33m0[0m, [33m2[0m[33m5[0m.[33m0[0m.[32m2[0m+[32m1[0m[32m0[0m, [32m21[0m.[32m0[0m.[32m10[0m+[32m7[0m
[[1;33mC[0m.] openssl                            [33m3[0m.[33m6[0m.[33m0[0m ×[31m4[0m, [33m3[0m.[33m6[0m.[33m0[0m-[33mb[0m[33mi[0m[33mn[0m ×[31m2[0m, [33m3[0m.[33m6[0m.[33m0[0m-[33md[0m[33me[0m[33mv[0m ×[31m2[0m -> [33m3[0m.[33m6[0m.[33m0[0m ×[32m2[0m, [33m3[0m.[33m6[0m.[33m0[0m-[33mb[0m[33mi[0m[33mn[0m, [33m3[0m.[33m6[0m.[33m0[0m-[33md[0m[33me[0m[33mv[0m, [32m3[0m.[32m6[0m.[32m1[0m-[32mbin[0m, [32m3[0m.[32m6[0m.[32m1[0m-[32mdev[0m, [32m3[0m.[32m6[0m.[32m1[0m ×[32m2[0m
[[1;33mC[0m.] proton-ge-bin-GE-Proton10          [33m2[0m[31m5[0m-[33msteamcompattool[0m, [31m28[0m-[31msteamcompattool[0m -> [33m2[0m[32m9[0m-[33msteamcompattool[0m
[[1;33mC[0m.] publicsuffix-list                  [33m0[0m-[33mu[0m[33mn[0m[33ms[0m[33mt[0m[33ma[0m[33mb[0m[33ml[0m[33me[0m-[33m2[0m[33m0[0m[33m2[0m[33m5[0m-[33m1[0m[33m2[0m-[33m2[0m[33m8[0m ×[31m2[0m, [31m0[0m-[31munstable[0m-[31m2025[0m-[31m10[0m-[31m08[0m ×[31m2[0m -> [33m0[0m-[33mu[0m[33mn[0m[33ms[0m[33mt[0m[33ma[0m[33mb[0m[33ml[0m[33me[0m-[33m2[0m[33m0[0m[33m2[0m[33m5[0m-[33m1[0m[33m2[0m-[33m2[0m[33m8[0m ×[32m4[0m
[[1;96mU[0m.] python3.13-pillow                  [33m1[0m[33m2[0m.[31m0[0m.[33m0[0m -> [33m1[0m[33m2[0m.[32m1[0m.[33m0[0m
[[1;96mU[0m.] python3.13-yt-dlp-ejs              [33m0[0m.[31m3[0m.[31m2[0m -> [33m0[0m.[32m4[0m.[32m0[0m
[[1;35mD[0m.] source                             [33m<[0m[33mn[0m[33mo[0m[33mn[0m[33me[0m[33m>[0m ×[31m7[0m -> [33m<[0m[33mn[0m[33mo[0m[33mn[0m[33me[0m[33m>[0m ×[32m6[0m
[[1;33mC[0m[1m*[0m] [1msystemd                           [0m [33m2[0m[33m5[0m[33m8[0m.[33m3[0m ×[31m2[0m, [33m2[0m[33m5[0m[33m8[0m.[31m2[0m-[33mdev[0m, [33m2[0m[33m5[0m[33m8[0m.[31m2[0m-[33mman[0m, [31m258[0m.[31m2[0m ×[31m2[0m -> [33m2[0m[33m5[0m[33m8[0m.[33m3[0m ×[32m4[0m, [33m2[0m[33m5[0m[33m8[0m.[32m3[0m-[33mdev[0m, [33m2[0m[33m5[0m[33m8[0m.[32m3[0m-[33mman[0m
[[1;33mC[0m.] systemd-minimal                    [33m2[0m[33m5[0m[33m8[0m.[33m3[0m ×[31m2[0m, [31m258[0m.[31m2[0m ×[31m2[0m -> [33m2[0m[33m5[0m[33m8[0m.[33m3[0m ×[32m4[0m
[[1;33mC[0m.] systemd-minimal-libs               [33m2[0m[33m5[0m[33m8[0m.[33m3[0m ×[31m2[0m, [33m2[0m[33m5[0m[33m8[0m.[31m2[0m-[33mdev[0m, [31m258[0m.[31m2[0m ×[31m2[0m -> [33m2[0m[33m5[0m[33m8[0m.[33m3[0m ×[32m4[0m, [33m2[0m[33m5[0m[33m8[0m.[32m3[0m-[33mdev[0m
[[1;96mU[0m.] tree-sitter-c-neovim               [33m0[0m.[33m1[0m[33m1[0m.[31m5[0m -> [33m0[0m.[33m1[0m[33m1[0m.[32m6[0m
[[1;96mU[0m.] tree-sitter-lua-neovim             [33m0[0m.[33m1[0m[33m1[0m.[31m5[0m -> [33m0[0m.[33m1[0m[33m1[0m.[32m6[0m
[[1;96mU[0m.] tree-sitter-markdown-neovim        [33m0[0m.[33m1[0m[33m1[0m.[31m5[0m -> [33m0[0m.[33m1[0m[33m1[0m.[32m6[0m
[[1;96mU[0m.] tree-sitter-markdown_inline-neovim [33m0[0m.[33m1[0m[33m1[0m.[31m5[0m -> [33m0[0m.[33m1[0m[33m1[0m.[32m6[0m
[[1;96mU[0m.] tree-sitter-query-neovim           [33m0[0m.[33m1[0m[33m1[0m.[31m5[0m -> [33m0[0m.[33m1[0m[33m1[0m.[32m6[0m
[[1;96mU[0m.] tree-sitter-vim-neovim             [33m0[0m.[33m1[0m[33m1[0m.[31m5[0m -> [33m0[0m.[33m1[0m[33m1[0m.[32m6[0m
[[1;96mU[0m.] tree-sitter-vimdoc-neovim          [33m0[0m.[33m1[0m[33m1[0m.[31m5[0m -> [33m0[0m.[33m1[0m[33m1[0m.[32m6[0m
[[1;33mC[0m.] tzdata                             [33m2[0m[33m0[0m[33m2[0m[33m5[0m[33mc[0m, [31m2025b[0m ×[31m2[0m -> [33m2[0m[33m0[0m[33m2[0m[33m5[0m[33mc[0m ×[32m3[0m
[[1;96mU[0m.] ublock-origin                      [33m1[0m.[33m6[0m[31m8[0m.[33m0[0m -> [33m1[0m.[33m6[0m[32m9[0m.[33m0[0m
[[1;96mU[0m.] vesktop                            [33m1[0m.[33m6[0m.[31m3[0m -> [33m1[0m.[33m6[0m.[32m4[0m
[[1;96mU[0m.] violentmonkey                      [33m2[0m.[33m3[0m[31m1[0m.[33m0[0m -> [33m2[0m.[33m3[0m[32m4[0m.[33m0[0m
[[1;96mU[0m.] wezterm                            [33m0[0m-[33mu[0m[33mn[0m[33ms[0m[33mt[0m[33ma[0m[33mb[0m[33ml[0m[33me[0m-[33m2[0m[33m0[0m[33m2[0m[33m6[0m-[33m0[0m[33m1[0m-[31m0[0m[31m9[0m -> [33m0[0m-[33mu[0m[33mn[0m[33ms[0m[33mt[0m[33ma[0m[33mb[0m[33ml[0m[33me[0m-[33m2[0m[33m0[0m[33m2[0m[33m6[0m-[33m0[0m[33m1[0m-[32m1[0m[32m7[0m
[[1;33mC[0m.] xdg-user-dirs                      [33m0[0m.[33m1[0m[33m9[0m, [31m0[0m.[31m18[0m ×[31m2[0m -> [33m0[0m.[33m1[0m[33m9[0m ×[32m3[0m
[[1;96mU[0m[1m*[0m] [1mxorg-server                       [0m [33m2[0m[33m1[0m.[33m1[0m.[33m2[0m[31m0[0m -> [33m2[0m[33m1[0m.[33m1[0m.[33m2[0m[32m1[0m
[[1;96mU[0m.] yt-dlp                             [33m2[0m[33m0[0m[33m2[0m[31m5[0m.[31m1[0m[31m2[0m.[33m0[0m[31m8[0m -> [33m2[0m[33m0[0m[33m2[0m[32m6[0m.[32m0[0m[32m2[0m.[33m0[0m[32m4[0m
[[1;96mU[0m.] zoxide                             [33m0[0m.[33m9[0m.[31m8[0m -> [33m0[0m.[33m9[0m.[32m9[0m

[1mREMOVED[0m
[[1;31mR[0m.] icu4c                              [31m78[0m.[31m1[0m

[1mSIZE[0m: [31m31.1 GiB[0m -> [32m29.8 GiB[0m
[1mDIFF[0m: [31m-1.36 GiB[0m
